TN:
SF:/Users/kunalmishra/info7500_crypto/assignment3/contracts/ERC20mint.sol
FN:10,constructor
FN:14,mint
FNF:2
FNH:2
FNDA:36,constructor
FNDA:27,mint
DA:11,36
DA:15,27
DA:17,27
DA:18,24
LF:4
LH:4
BRDA:17,1,0,24
BRDA:17,1,1,3
BRF:2
BRH:2
end_of_record
TN:
SF:/Users/kunalmishra/info7500_crypto/assignment3/contracts/MintContract.sol
FN:14,initialize
FN:21,safeMint
FNF:2
FNH:2
FNDA:108,initialize
FNDA:28,safeMint
DA:15,108
DA:17,108
DA:18,108
DA:24,28
DA:25,27
DA:27,27
LF:6
LH:6
BRDA:24,1,0,27
BRDA:24,1,1,1
BRF:2
BRH:2
end_of_record
TN:
SF:/Users/kunalmishra/info7500_crypto/assignment3/contracts/NFTDutchAuction_ERC20Bids.sol
FN:37,constructor
FN:64,bid
FN:77,closeAuction
FNF:3
FNH:3
FNDA:18,constructor
FNDA:5,bid
FNDA:4,closeAuction
DA:46,18
DA:47,18
DA:48,18
DA:49,18
DA:50,18
DA:51,18
DA:52,18
DA:53,18
DA:54,18
DA:55,18
DA:56,18
DA:57,18
DA:58,18
DA:65,5
DA:66,1
DA:67,1
DA:69,1
DA:70,1
DA:71,1
DA:73,1
DA:74,0
DA:75,0
DA:78,4
DA:81,3
LF:24
LH:22
BRDA:65,1,0,1
BRDA:65,1,1,4
BRDA:66,2,0,1
BRDA:66,2,1,0
BRDA:67,3,0,1
BRDA:67,3,1,0
BRDA:78,4,0,3
BRDA:78,4,1,1
BRF:8
BRH:6
end_of_record
