TN:
SF:/Users/kunalmishra/info7500_crypto/assignment5/contracts/ERC20mint.sol
FN:11,constructor
FN:15,mint
FNF:2
FNH:2
FNDA:39,constructor
FNDA:24,mint
DA:12,39
DA:16,24
DA:18,24
DA:19,21
LF:4
LH:4
BRDA:18,1,0,21
BRDA:18,1,1,3
BRF:2
BRH:2
end_of_record
TN:
SF:/Users/kunalmishra/info7500_crypto/assignment5/contracts/MintContract.sol
FN:14,initialize
FN:21,safeMint
FNF:2
FNH:2
FNDA:120,initialize
FNDA:25,safeMint
DA:15,120
DA:17,120
DA:18,120
DA:24,25
DA:25,24
DA:27,24
LF:6
LH:6
BRDA:24,1,0,24
BRDA:24,1,1,1
BRF:2
BRH:2
end_of_record
TN:
SF:/Users/kunalmishra/info7500_crypto/assignment5/contracts/NFTDutchAuction_ERC20Bids.sol
FN:45,initialize
FN:67,bid
FN:84,closeAuction
FN:93,_authorizeUpgrade
FNF:4
FNH:3
FNDA:21,initialize
FNDA:4,bid
FNDA:2,closeAuction
FNDA:0,_authorizeUpgrade
DA:46,21
DA:47,21
DA:49,21
DA:50,21
DA:51,21
DA:52,21
DA:53,21
DA:54,21
DA:55,21
DA:56,21
DA:57,21
DA:58,21
DA:59,21
DA:60,21
DA:61,21
DA:68,4
DA:69,2
DA:70,1
DA:72,1
DA:73,1
DA:74,1
DA:77,1
DA:78,0
DA:79,0
DA:85,2
DA:88,1
LF:26
LH:24
BRDA:68,1,0,2
BRDA:68,1,1,2
BRDA:69,2,0,1
BRDA:69,2,1,1
BRDA:70,3,0,1
BRDA:70,3,1,0
BRDA:85,4,0,1
BRDA:85,4,1,1
BRF:8
BRH:7
end_of_record
