{"contracts/ERC20mint.sol":{"l":{"11":36,"15":27,"17":27,"18":24},"path":"/Users/kunalmishra/info7500_crypto/assignment3/contracts/ERC20mint.sol","s":{"1":36,"2":27,"3":27,"4":24},"b":{"1":[24,3]},"f":{"1":36,"2":27},"fnMap":{"1":{"name":"constructor","line":10,"loc":{"start":{"line":10,"column":4},"end":{"line":12,"column":4}}},"2":{"name":"mint","line":14,"loc":{"start":{"line":14,"column":4},"end":{"line":19,"column":4}}}},"statementMap":{"1":{"start":{"line":11,"column":8},"end":{"line":11,"column":27}},"2":{"start":{"line":15,"column":8},"end":{"line":15,"column":36}},"3":{"start":{"line":17,"column":8},"end":{"line":17,"column":82}},"4":{"start":{"line":18,"column":8},"end":{"line":18,"column":24}}},"branchMap":{"1":{"line":17,"type":"if","locations":[{"start":{"line":17,"column":8},"end":{"line":17,"column":8}},{"start":{"line":17,"column":8},"end":{"line":17,"column":8}}]}}},"contracts/MintContract.sol":{"l":{"15":108,"17":108,"18":108,"24":28,"25":27,"27":27},"path":"/Users/kunalmishra/info7500_crypto/assignment3/contracts/MintContract.sol","s":{"1":108,"2":108,"3":108,"4":28,"5":27,"6":27},"b":{"1":[27,1]},"f":{"1":108,"2":28},"fnMap":{"1":{"name":"initialize","line":14,"loc":{"start":{"line":14,"column":4},"end":{"line":19,"column":4}}},"2":{"name":"safeMint","line":21,"loc":{"start":{"line":21,"column":4},"end":{"line":28,"column":4}}}},"statementMap":{"1":{"start":{"line":15,"column":8},"end":{"line":15,"column":43}},"2":{"start":{"line":17,"column":8},"end":{"line":17,"column":29}},"3":{"start":{"line":18,"column":8},"end":{"line":18,"column":16}},"4":{"start":{"line":24,"column":9},"end":{"line":24,"column":77}},"5":{"start":{"line":25,"column":8},"end":{"line":25,"column":29}},"6":{"start":{"line":27,"column":8},"end":{"line":27,"column":20}}},"branchMap":{"1":{"line":24,"type":"if","locations":[{"start":{"line":24,"column":9},"end":{"line":24,"column":9}},{"start":{"line":24,"column":9},"end":{"line":24,"column":9}}]}}},"contracts/NFTDutchAuction_ERC20Bids.sol":{"l":{"46":18,"47":18,"48":18,"49":18,"50":18,"51":18,"52":18,"53":18,"54":18,"55":18,"56":18,"57":18,"58":18,"65":5,"66":1,"67":1,"69":1,"70":1,"71":1,"73":1,"74":0,"75":0,"78":4,"81":3},"path":"/Users/kunalmishra/info7500_crypto/assignment3/contracts/NFTDutchAuction_ERC20Bids.sol","s":{"1":18,"2":18,"3":18,"4":18,"5":18,"6":18,"7":18,"8":18,"9":18,"10":18,"11":18,"12":18,"13":18,"14":5,"15":1,"16":1,"17":1,"18":1,"19":1,"20":1,"21":0,"22":0,"23":4,"24":3},"b":{"1":[1,4],"2":[1,0],"3":[1,0],"4":[3,1]},"f":{"1":18,"2":5,"3":4},"fnMap":{"1":{"name":"constructor","line":37,"loc":{"start":{"line":37,"column":0},"end":{"line":59,"column":0}}},"2":{"name":"bid","line":64,"loc":{"start":{"line":64,"column":0},"end":{"line":76,"column":0}}},"3":{"name":"closeAuction","line":77,"loc":{"start":{"line":77,"column":0},"end":{"line":82,"column":0}}}},"statementMap":{"1":{"start":{"line":46,"column":4},"end":{"line":46,"column":41}},"2":{"start":{"line":47,"column":4},"end":{"line":47,"column":43}},"3":{"start":{"line":48,"column":4},"end":{"line":48,"column":27}},"4":{"start":{"line":49,"column":4},"end":{"line":49,"column":31}},"5":{"start":{"line":50,"column":4},"end":{"line":50,"column":47}},"6":{"start":{"line":51,"column":4},"end":{"line":51,"column":45}},"7":{"start":{"line":52,"column":4},"end":{"line":52,"column":75}},"8":{"start":{"line":53,"column":4},"end":{"line":53,"column":30}},"9":{"start":{"line":54,"column":4},"end":{"line":54,"column":51}},"10":{"start":{"line":55,"column":4},"end":{"line":55,"column":24}},"11":{"start":{"line":56,"column":4},"end":{"line":56,"column":22}},"12":{"start":{"line":57,"column":4},"end":{"line":57,"column":42}},"13":{"start":{"line":58,"column":4},"end":{"line":58,"column":49}},"14":{"start":{"line":65,"column":4},"end":{"line":65,"column":81}},"15":{"start":{"line":66,"column":4},"end":{"line":66,"column":79}},"16":{"start":{"line":67,"column":4},"end":{"line":67,"column":93}},"17":{"start":{"line":69,"column":4},"end":{"line":69,"column":30}},"18":{"start":{"line":70,"column":4},"end":{"line":70,"column":19}},"19":{"start":{"line":71,"column":4},"end":{"line":71,"column":23}},"20":{"start":{"line":73,"column":4},"end":{"line":73,"column":57}},"21":{"start":{"line":74,"column":4},"end":{"line":74,"column":68}},"22":{"start":{"line":75,"column":4},"end":{"line":75,"column":25}},"23":{"start":{"line":78,"column":4},"end":{"line":78,"column":73}},"24":{"start":{"line":81,"column":4},"end":{"line":81,"column":23}}},"branchMap":{"1":{"line":65,"type":"if","locations":[{"start":{"line":65,"column":4},"end":{"line":65,"column":4}},{"start":{"line":65,"column":4},"end":{"line":65,"column":4}}]},"2":{"line":66,"type":"if","locations":[{"start":{"line":66,"column":4},"end":{"line":66,"column":4}},{"start":{"line":66,"column":4},"end":{"line":66,"column":4}}]},"3":{"line":67,"type":"if","locations":[{"start":{"line":67,"column":4},"end":{"line":67,"column":4}},{"start":{"line":67,"column":4},"end":{"line":67,"column":4}}]},"4":{"line":78,"type":"if","locations":[{"start":{"line":78,"column":4},"end":{"line":78,"column":4}},{"start":{"line":78,"column":4},"end":{"line":78,"column":4}}]}}}}