{"contracts/BasicDutchAuction.sol":{"l":{"36":9,"38":9,"40":9,"42":9,"44":9,"49":9,"51":9,"52":9,"60":4,"63":4,"67":4,"71":3,"74":2,"75":2,"77":2,"79":2},"path":"/Users/kunalmishra/info7500_crypto/assignment1/contracts/BasicDutchAuction.sol","s":{"1":4,"2":4,"3":4,"4":3,"5":2,"6":2},"b":{"1":[4,0],"2":[3,1],"3":[2,1]},"f":{"1":9,"2":4},"fnMap":{"1":{"name":"constructor","line":30,"loc":{"start":{"line":30,"column":4},"end":{"line":53,"column":4}}},"2":{"name":"bid","line":58,"loc":{"start":{"line":58,"column":4},"end":{"line":80,"column":4}}}},"statementMap":{"1":{"start":{"line":60,"column":8},"end":{"line":60,"column":77}},"2":{"start":{"line":63,"column":8},"end":{"line":63,"column":2329}},"3":{"start":{"line":67,"column":8},"end":{"line":67,"column":2543}},"4":{"start":{"line":71,"column":8},"end":{"line":71,"column":97}},"5":{"start":{"line":77,"column":8},"end":{"line":77,"column":42}},"6":{"start":{"line":79,"column":8},"end":{"line":79,"column":21}}},"branchMap":{"1":{"line":60,"type":"if","locations":[{"start":{"line":60,"column":8},"end":{"line":60,"column":8}},{"start":{"line":60,"column":8},"end":{"line":60,"column":8}}]},"2":{"line":67,"type":"if","locations":[{"start":{"line":67,"column":8},"end":{"line":67,"column":8}},{"start":{"line":67,"column":8},"end":{"line":67,"column":8}}]},"3":{"line":71,"type":"if","locations":[{"start":{"line":71,"column":8},"end":{"line":71,"column":8}},{"start":{"line":71,"column":8},"end":{"line":71,"column":8}}]}}}}