{
"contracts/ERC20mint.sol":{"l":{"11":33,"15":24,"17":24,"18":21},"path":"/Users/kunalmishra/info7500_crypto/assignment4/contracts/ERC20mint.sol","s":{"1":33,"2":24,"3":24,"4":21},"b":{"1":[21,3]},"f":{"1":33,"2":24},"fnMap":{"1":{"name":"constructor","line":10,"loc":{"start":{"line":10,"column":4},"end":{"line":12,"column":4}}},"2":{"name":"mint","line":14,"loc":{"start":{"line":14,"column":4},"end":{"line":19,"column":4}}}},"statementMap":{"1":{"start":{"line":11,"column":8},"end":{"line":11,"column":27}},"2":{"start":{"line":15,"column":8},"end":{"line":15,"column":36}},"3":{"start":{"line":17,"column":8},"end":{"line":17,"column":82}},"4":{"start":{"line":18,"column":8},"end":{"line":18,"column":24}}},"branchMap":{"1":{"line":17,"type":"if","locations":[{"start":{"line":17,"column":8},"end":{"line":17,"column":8}},{"start":{"line":17,"column":8},"end":{"line":17,"column":8}}]}}},
"contracts/MintContract.sol":{"l":{"15":96,"17":96,"18":96,"24":25,"25":24,"27":24},"path":"/Users/kunalmishra/info7500_crypto/assignment4/contracts/MintContract.sol","s":{"1":96,"2":96,"3":96,"4":25,"5":24,"6":24},"b":{"1":[24,1]},"f":{"1":96,"2":25},"fnMap":{"1":{"name":"initialize","line":14,"loc":{"start":{"line":14,"column":4},"end":{"line":19,"column":4}}},"2":{"name":"safeMint","line":21,"loc":{"start":{"line":21,"column":4},"end":{"line":28,"column":4}}}},"statementMap":{"1":{"start":{"line":15,"column":8},"end":{"line":15,"column":43}},"2":{"start":{"line":17,"column":8},"end":{"line":17,"column":29}},"3":{"start":{"line":18,"column":8},"end":{"line":18,"column":16}},"4":{"start":{"line":24,"column":9},"end":{"line":24,"column":77}},"5":{"start":{"line":25,"column":8},"end":{"line":25,"column":29}},"6":{"start":{"line":27,"column":8},"end":{"line":27,"column":20}}},"branchMap":{"1":{"line":24,"type":"if","locations":[{"start":{"line":24,"column":9},"end":{"line":24,"column":9}},{"start":{"line":24,"column":9},"end":{"line":24,"column":9}}]}}},
"contracts/NFTDutchAuction_ERC20Bids.sol":{"l":{"46":15,"47":15,"49":15,"50":15,"51":15,"52":15,"53":15,"54":15,"55":15,"56":15,"57":15,"58":15,"59":15,"60":15,"61":15,"68":4,"69":2,"70":1,"72":1,"73":1,"74":1,"77":1,"78":0,"79":0,"85":2,"88":1},"path":"/Users/kunalmishra/info7500_crypto/assignment4/contracts/NFTDutchAuction_ERC20Bids.sol","s":{"1":15,"2":15,"3":15,"4":15,"5":15,"6":15,"7":15,"8":15,"9":15,"10":15,"11":15,"12":15,"13":15,"14":15,"15":15,"16":4,"17":2,"18":1,"19":1,"20":1,"21":1,"22":1,"23":0,"24":0,"25":2,"26":1},"b":{"1":[2,2],"2":[1,1],"3":[1,0],"4":[1,1]},"f":{"1":15,"2":4,"3":2,"4":0},"fnMap":{"1":{"name":"initialize","line":45,"loc":{"start":{"line":37,"column":4},"end":{"line":64,"column":4}}},"2":{"name":"bid","line":67,"loc":{"start":{"line":67,"column":4},"end":{"line":83,"column":4}}},"3":{"name":"closeAuction","line":84,"loc":{"start":{"line":84,"column":4},"end":{"line":89,"column":0}}},"4":{"name":"_authorizeUpgrade","line":93,"loc":{"start":{"line":91,"column":0},"end":{"line":95,"column":5}}}},"statementMap":{"1":{"start":{"line":46,"column":8},"end":{"line":46,"column":23}},"2":{"start":{"line":47,"column":8},"end":{"line":47,"column":31}},"3":{"start":{"line":49,"column":8},"end":{"line":49,"column":45}},"4":{"start":{"line":50,"column":8},"end":{"line":50,"column":47}},"5":{"start":{"line":51,"column":8},"end":{"line":51,"column":31}},"6":{"start":{"line":52,"column":8},"end":{"line":52,"column":35}},"7":{"start":{"line":53,"column":8},"end":{"line":53,"column":51}},"8":{"start":{"line":54,"column":8},"end":{"line":54,"column":49}},"9":{"start":{"line":55,"column":8},"end":{"line":55,"column":79}},"10":{"start":{"line":56,"column":8},"end":{"line":56,"column":34}},"11":{"start":{"line":57,"column":8},"end":{"line":57,"column":55}},"12":{"start":{"line":58,"column":8},"end":{"line":58,"column":28}},"13":{"start":{"line":59,"column":8},"end":{"line":59,"column":26}},"14":{"start":{"line":60,"column":8},"end":{"line":60,"column":46}},"15":{"start":{"line":61,"column":8},"end":{"line":61,"column":53}},"16":{"start":{"line":68,"column":4},"end":{"line":68,"column":81}},"17":{"start":{"line":69,"column":4},"end":{"line":69,"column":79}},"18":{"start":{"line":70,"column":4},"end":{"line":70,"column":93}},"19":{"start":{"line":72,"column":4},"end":{"line":72,"column":30}},"20":{"start":{"line":73,"column":4},"end":{"line":73,"column":19}},"21":{"start":{"line":74,"column":4},"end":{"line":74,"column":23}},"22":{"start":{"line":77,"column":4},"end":{"line":77,"column":57}},"23":{"start":{"line":78,"column":4},"end":{"line":78,"column":68}},"24":{"start":{"line":79,"column":4},"end":{"line":79,"column":25}},"25":{"start":{"line":85,"column":4},"end":{"line":85,"column":73}},"26":{"start":{"line":88,"column":4},"end":{"line":88,"column":23}}},"branchMap":{"1":{"line":68,"type":"if","locations":[{"start":{"line":68,"column":4},"end":{"line":68,"column":4}},{"start":{"line":68,"column":4},"end":{"line":68,"column":4}}]},"2":{"line":69,"type":"if","locations":[{"start":{"line":69,"column":4},"end":{"line":69,"column":4}},{"start":{"line":69,"column":4},"end":{"line":69,"column":4}}]},"3":{"line":70,"type":"if","locations":[{"start":{"line":70,"column":4},"end":{"line":70,"column":4}},{"start":{"line":70,"column":4},"end":{"line":70,"column":4}}]},"4":{"line":85,"type":"if","locations":[{"start":{"line":85,"column":4},"end":{"line":85,"column":4}},{"start":{"line":85,"column":4},"end":{"line":85,"column":4}}]}}}}
