TN:
SF:/Users/kunalmishra/info7500_crypto/assignment4/contracts/ERC20mint.sol
FN:10,constructor
FN:14,mint
FNF:2
FNH:2
FNDA:33,constructor
FNDA:24,mint
DA:11,33
DA:15,24
DA:17,24
DA:18,21
LF:4
LH:4
BRDA:17,1,0,21
BRDA:17,1,1,3
BRF:2
BRH:2
end_of_record
TN:
SF:/Users/kunalmishra/info7500_crypto/assignment4/contracts/MintContract.sol
FN:14,initialize
FN:21,safeMint
FNF:2
FNH:2
FNDA:96,initialize
FNDA:25,safeMint
DA:15,96
DA:17,96
DA:18,96
DA:24,25
DA:25,24
DA:27,24
LF:6
LH:6
BRDA:24,1,0,24
BRDA:24,1,1,1
BRF:2
BRH:2
end_of_record
TN:
SF:/Users/kunalmishra/info7500_crypto/assignment4/contracts/NFTDutchAuction_ERC20Bids.sol
FN:45,initialize
FN:67,bid
FN:84,closeAuction
FN:93,_authorizeUpgrade
FNF:4
FNH:3
FNDA:15,initialize
FNDA:4,bid
FNDA:2,closeAuction
FNDA:0,_authorizeUpgrade
DA:46,15
DA:47,15
DA:49,15
DA:50,15
DA:51,15
DA:52,15
DA:53,15
DA:54,15
DA:55,15
DA:56,15
DA:57,15
DA:58,15
DA:59,15
DA:60,15
DA:61,15
DA:68,4
DA:69,2
DA:70,1
DA:72,1
DA:73,1
DA:74,1
DA:77,1
DA:78,0
DA:79,0
DA:85,2
DA:88,1
LF:26
LH:24
BRDA:68,1,0,2
BRDA:68,1,1,2
BRDA:69,2,0,1
BRDA:69,2,1,1
BRDA:70,3,0,1
BRDA:70,3,1,0
BRDA:85,4,0,1
BRDA:85,4,1,1
BRF:8
BRH:7
end_of_record
