{
"contracts/MintContract.sol":{"l":{"18":78,"19":78,"20":78,"23":78,"26":78,"34":25,"37":24,"38":24,"41":24,"51":0,"61":0},"path":"/Users/kunalmishra/info7500_crypto/assignment2/contracts/MintContract.sol","s":{"1":78,"2":78,"3":78,"4":78,"5":78,"6":25,"7":24,"8":24,"9":24,"10":0,"11":0},"b":{"1":[24,1]},"f":{"1":78,"2":25,"3":0,"4":0},"fnMap":{"1":{"name":"initialize","line":16,"loc":{"start":{"line":16,"column":4},"end":{"line":27,"column":4}}},"2":{"name":"safeMint","line":29,"loc":{"start":{"line":29,"column":4},"end":{"line":42,"column":4}}},"3":{"name":"_burn","line":46,"loc":{"start":{"line":46,"column":4},"end":{"line":52,"column":4}}},"4":{"name":"tokenURI","line":54,"loc":{"start":{"line":54,"column":4},"end":{"line":62,"column":4}}}},"statementMap":{"1":{"start":{"line":18,"column":8},"end":{"line":18,"column":43}},"2":{"start":{"line":19,"column":8},"end":{"line":19,"column":32}},"3":{"start":{"line":20,"column":8},"end":{"line":20,"column":23}},"4":{"start":{"line":23,"column":8},"end":{"line":23,"column":29}},"5":{"start":{"line":26,"column":8},"end":{"line":26,"column":16}},"6":{"start":{"line":34,"column":8},"end":{"line":34,"column":76}},"7":{"start":{"line":37,"column":8},"end":{"line":37,"column":29}},"8":{"start":{"line":38,"column":8},"end":{"line":38,"column":33}},"9":{"start":{"line":41,"column":8},"end":{"line":41,"column":24}},"10":{"start":{"line":51,"column":8},"end":{"line":51,"column":27}},"11":{"start":{"line":61,"column":8},"end":{"line":61,"column":38}}},"branchMap":{"1":{"line":34,"type":"if","locations":[{"start":{"line":34,"column":8},"end":{"line":34,"column":8}},{"start":{"line":34,"column":8},"end":{"line":34,"column":8}}]}}},
"contracts/NFTDutchAuction.sol":{"l":{"37":9,"38":9,"39":9,"40":9,"41":9,"42":9,"43":9,"44":9,"45":9,"46":9,"51":9,"56":15,"57":15,"58":14,"60":13,"61":13,"62":13,"64":13,"65":13,"67":12},"path":"/Users/kunalmishra/info7500_crypto/assignment2/contracts/NFTDutchAuction.sol","s":{"1":9,"2":9,"3":9,"4":9,"5":9,"6":9,"7":9,"8":9,"9":9,"10":9,"11":9,"12":15,"13":15,"14":14,"15":13,"16":13,"17":13,"18":13,"19":13,"20":12},"b":{"1":[15,0],"2":[14,1],"3":[13,1]},"f":{"1":9,"2":9,"3":15},"fnMap":{"1":{"name":"constructor","line":30,"loc":{"start":{"line":30,"column":4},"end":{"line":47,"column":4}}},"2":{"name":"setMintContract","line":50,"loc":{"start":{"line":50,"column":4},"end":{"line":52,"column":4}}},"3":{"name":"bid","line":55,"loc":{"start":{"line":55,"column":4},"end":{"line":68,"column":4}}}},"statementMap":{"1":{"start":{"line":37,"column":8},"end":{"line":37,"column":47}},"2":{"start":{"line":38,"column":8},"end":{"line":38,"column":31}},"3":{"start":{"line":39,"column":8},"end":{"line":39,"column":35}},"4":{"start":{"line":40,"column":8},"end":{"line":40,"column":51}},"5":{"start":{"line":41,"column":8},"end":{"line":41,"column":49}},"6":{"start":{"line":42,"column":8},"end":{"line":42,"column":79}},"7":{"start":{"line":43,"column":8},"end":{"line":43,"column":34}},"8":{"start":{"line":44,"column":8},"end":{"line":44,"column":55}},"9":{"start":{"line":45,"column":8},"end":{"line":45,"column":28}},"10":{"start":{"line":46,"column":8},"end":{"line":46,"column":26}},"11":{"start":{"line":51,"column":8},"end":{"line":51,"column":35}},"12":{"start":{"line":56,"column":8},"end":{"line":56,"column":85}},"13":{"start":{"line":57,"column":8},"end":{"line":57,"column":82}},"14":{"start":{"line":58,"column":8},"end":{"line":58,"column":97}},"15":{"start":{"line":60,"column":8},"end":{"line":60,"column":34}},"16":{"start":{"line":61,"column":8},"end":{"line":61,"column":23}},"17":{"start":{"line":62,"column":8},"end":{"line":62,"column":27}},"18":{"start":{"line":64,"column":8},"end":{"line":64,"column":46}},"19":{"start":{"line":65,"column":8},"end":{"line":65,"column":72}},"20":{"start":{"line":67,"column":8},"end":{"line":67,"column":31}}},"branchMap":{"1":{"line":56,"type":"if","locations":[{"start":{"line":56,"column":8},"end":{"line":56,"column":8}},{"start":{"line":56,"column":8},"end":{"line":56,"column":8}}]},"2":{"line":57,"type":"if","locations":[{"start":{"line":57,"column":8},"end":{"line":57,"column":8}},{"start":{"line":57,"column":8},"end":{"line":57,"column":8}}]},"3":{"line":58,"type":"if","locations":[{"start":{"line":58,"column":8},"end":{"line":58,"column":8}},{"start":{"line":58,"column":8},"end":{"line":58,"column":8}}]}}}}
