TN:
SF:/Users/kunalmishra/info7500_crypto/assignment2/contracts/MintContract.sol
FN:16,initialize
FN:29,safeMint
FN:46,_burn
FN:54,tokenURI
FNF:4
FNH:2
FNDA:78,initialize
FNDA:25,safeMint
FNDA:0,_burn
FNDA:0,tokenURI
DA:18,78
DA:19,78
DA:20,78
DA:23,78
DA:26,78
DA:34,25
DA:37,24
DA:38,24
DA:41,24
DA:51,0
DA:61,0
LF:11
LH:9
BRDA:34,1,0,24
BRDA:34,1,1,1
BRF:2
BRH:2
end_of_record
TN:
SF:/Users/kunalmishra/info7500_crypto/assignment2/contracts/NFTDutchAuction.sol
FN:30,constructor
FN:50,setMintContract
FN:55,bid
FNF:3
FNH:3
FNDA:9,constructor
FNDA:9,setMintContract
FNDA:15,bid
DA:37,9
DA:38,9
DA:39,9
DA:40,9
DA:41,9
DA:42,9
DA:43,9
DA:44,9
DA:45,9
DA:46,9
DA:51,9
DA:56,15
DA:57,15
DA:58,14
DA:60,13
DA:61,13
DA:62,13
DA:64,13
DA:65,13
DA:67,12
LF:20
LH:20
BRDA:56,1,0,15
BRDA:56,1,1,0
BRDA:57,2,0,14
BRDA:57,2,1,1
BRDA:58,3,0,13
BRDA:58,3,1,1
BRF:6
BRH:5
end_of_record
